08-Jun-2019 18:31:12.011 INFO [main] org.apache.catalina.core.ApplicationContext.log Initializing AtmosphereFramework
08-Jun-2019 18:31:12.237 INFO [main] org.apache.catalina.core.ApplicationContext.log No Spring WebApplicationInitializer types detected on classpath
08-Jun-2019 18:31:22.497 INFO [main] org.apache.catalina.core.ApplicationContext.log Initializing Spring CubaDispatcherServlet 'dispatcher'
08-Jun-2019 18:31:24.388 INFO [main] org.apache.catalina.core.ApplicationContext.log Initializing Spring CubaRestApiServlet 'rest_api'
08-Jun-2019 18:31:26.282 INFO [main] org.apache.catalina.core.ApplicationContext.log Initializing AtmosphereFramework
08-Jun-2019 18:31:26.283 INFO [main] org.apache.catalina.core.ApplicationContext.log No Spring WebApplicationInitializer types detected on classpath
08-Jun-2019 18:31:36.032 INFO [main] org.apache.catalina.core.ApplicationContext.log Initializing Spring RemotingServlet 'remoting'
08-Jun-2019 18:37:24.790 INFO [main] org.apache.catalina.core.ApplicationContext.log Destroying Spring FrameworkServlet 'rest_api'
08-Jun-2019 18:37:24.801 INFO [main] org.apache.catalina.core.ApplicationContext.log Destroying Spring FrameworkServlet 'dispatcher'
08-Jun-2019 18:37:24.823 INFO [main] org.apache.catalina.core.ApplicationContext.log Destroying Spring FrameworkServlet 'remoting'
08-Jun-2019 18:37:33.161 INFO [main] org.apache.catalina.core.ApplicationContext.log Initializing AtmosphereFramework
08-Jun-2019 18:37:33.332 INFO [main] org.apache.catalina.core.ApplicationContext.log No Spring WebApplicationInitializer types detected on classpath
08-Jun-2019 18:37:39.844 INFO [main] org.apache.catalina.core.ApplicationContext.log Initializing Spring CubaDispatcherServlet 'dispatcher'
08-Jun-2019 18:37:41.052 INFO [main] org.apache.catalina.core.ApplicationContext.log Initializing Spring CubaRestApiServlet 'rest_api'
08-Jun-2019 18:37:42.392 INFO [main] org.apache.catalina.core.ApplicationContext.log Initializing AtmosphereFramework
08-Jun-2019 18:37:42.392 INFO [main] org.apache.catalina.core.ApplicationContext.log No Spring WebApplicationInitializer types detected on classpath
08-Jun-2019 18:37:50.754 INFO [main] org.apache.catalina.core.ApplicationContext.log Initializing Spring RemotingServlet 'remoting'
08-Jun-2019 19:35:44.687 INFO [main] org.apache.catalina.core.ApplicationContext.log Destroying Spring FrameworkServlet 'rest_api'
08-Jun-2019 19:35:44.698 INFO [main] org.apache.catalina.core.ApplicationContext.log Destroying Spring FrameworkServlet 'dispatcher'
08-Jun-2019 19:35:44.751 INFO [main] org.apache.catalina.core.ApplicationContext.log Destroying Spring FrameworkServlet 'remoting'
08-Jun-2019 19:37:39.307 INFO [main] org.apache.catalina.core.ApplicationContext.log Initializing AtmosphereFramework
08-Jun-2019 19:37:39.672 INFO [main] org.apache.catalina.core.ApplicationContext.log No Spring WebApplicationInitializer types detected on classpath
08-Jun-2019 19:37:51.263 INFO [main] org.apache.catalina.core.ApplicationContext.log Initializing Spring CubaDispatcherServlet 'dispatcher'
08-Jun-2019 19:37:53.208 INFO [main] org.apache.catalina.core.ApplicationContext.log Initializing Spring CubaRestApiServlet 'rest_api'
08-Jun-2019 19:37:55.179 INFO [main] org.apache.catalina.core.ApplicationContext.log Initializing AtmosphereFramework
08-Jun-2019 19:37:55.179 INFO [main] org.apache.catalina.core.ApplicationContext.log No Spring WebApplicationInitializer types detected on classpath
08-Jun-2019 19:38:07.015 INFO [main] org.apache.catalina.core.ApplicationContext.log Initializing Spring RemotingServlet 'remoting'
08-Jun-2019 20:52:58.843 INFO [main] org.apache.catalina.core.ApplicationContext.log Destroying Spring FrameworkServlet 'rest_api'
08-Jun-2019 20:52:58.859 INFO [main] org.apache.catalina.core.ApplicationContext.log Destroying Spring FrameworkServlet 'dispatcher'
08-Jun-2019 20:52:58.916 INFO [main] org.apache.catalina.core.ApplicationContext.log Destroying Spring FrameworkServlet 'remoting'
08-Jun-2019 20:53:12.744 INFO [main] org.apache.catalina.core.ApplicationContext.log Initializing AtmosphereFramework
08-Jun-2019 20:53:13.190 INFO [main] org.apache.catalina.core.ApplicationContext.log No Spring WebApplicationInitializer types detected on classpath
08-Jun-2019 20:53:25.705 INFO [main] org.apache.catalina.core.ApplicationContext.log Initializing Spring CubaDispatcherServlet 'dispatcher'
08-Jun-2019 20:53:29.042 INFO [main] org.apache.catalina.core.ApplicationContext.log Initializing Spring CubaRestApiServlet 'rest_api'
08-Jun-2019 20:53:31.494 INFO [main] org.apache.catalina.core.ApplicationContext.log Initializing AtmosphereFramework
08-Jun-2019 20:53:31.495 INFO [main] org.apache.catalina.core.ApplicationContext.log No Spring WebApplicationInitializer types detected on classpath
08-Jun-2019 20:53:44.439 INFO [main] org.apache.catalina.core.ApplicationContext.log Initializing Spring RemotingServlet 'remoting'
08-Jun-2019 20:58:03.695 INFO [main] org.apache.catalina.core.ApplicationContext.log Destroying Spring FrameworkServlet 'rest_api'
08-Jun-2019 20:58:03.709 INFO [main] org.apache.catalina.core.ApplicationContext.log Destroying Spring FrameworkServlet 'dispatcher'
08-Jun-2019 20:58:03.746 INFO [main] org.apache.catalina.core.ApplicationContext.log Destroying Spring FrameworkServlet 'remoting'
08-Jun-2019 20:58:15.331 INFO [main] org.apache.catalina.core.ApplicationContext.log Initializing AtmosphereFramework
08-Jun-2019 20:58:15.585 INFO [main] org.apache.catalina.core.ApplicationContext.log No Spring WebApplicationInitializer types detected on classpath
08-Jun-2019 20:58:26.649 INFO [main] org.apache.catalina.core.ApplicationContext.log Initializing Spring CubaDispatcherServlet 'dispatcher'
08-Jun-2019 20:58:28.167 INFO [main] org.apache.catalina.core.ApplicationContext.log Initializing Spring CubaRestApiServlet 'rest_api'
08-Jun-2019 20:58:29.990 INFO [main] org.apache.catalina.core.ApplicationContext.log Initializing AtmosphereFramework
08-Jun-2019 20:58:29.991 INFO [main] org.apache.catalina.core.ApplicationContext.log No Spring WebApplicationInitializer types detected on classpath
08-Jun-2019 20:58:40.593 INFO [main] org.apache.catalina.core.ApplicationContext.log Initializing Spring RemotingServlet 'remoting'
08-Jun-2019 21:00:41.574 INFO [main] org.apache.catalina.core.ApplicationContext.log Destroying Spring FrameworkServlet 'rest_api'
08-Jun-2019 21:00:41.591 INFO [main] org.apache.catalina.core.ApplicationContext.log Destroying Spring FrameworkServlet 'dispatcher'
08-Jun-2019 21:00:41.636 INFO [main] org.apache.catalina.core.ApplicationContext.log Destroying Spring FrameworkServlet 'remoting'
08-Jun-2019 21:00:53.184 INFO [main] org.apache.catalina.core.ApplicationContext.log Initializing AtmosphereFramework
08-Jun-2019 21:00:53.599 INFO [main] org.apache.catalina.core.ApplicationContext.log No Spring WebApplicationInitializer types detected on classpath
08-Jun-2019 21:01:04.815 INFO [main] org.apache.catalina.core.ApplicationContext.log Initializing Spring CubaDispatcherServlet 'dispatcher'
08-Jun-2019 21:01:06.754 INFO [main] org.apache.catalina.core.ApplicationContext.log Initializing Spring CubaRestApiServlet 'rest_api'
08-Jun-2019 21:01:08.832 INFO [main] org.apache.catalina.core.ApplicationContext.log Initializing AtmosphereFramework
08-Jun-2019 21:01:08.832 INFO [main] org.apache.catalina.core.ApplicationContext.log No Spring WebApplicationInitializer types detected on classpath
08-Jun-2019 21:01:21.280 INFO [main] org.apache.catalina.core.ApplicationContext.log Initializing Spring RemotingServlet 'remoting'
08-Jun-2019 21:06:31.234 INFO [main] org.apache.catalina.core.ApplicationContext.log Destroying Spring FrameworkServlet 'rest_api'
08-Jun-2019 21:06:31.260 INFO [main] org.apache.catalina.core.ApplicationContext.log Destroying Spring FrameworkServlet 'dispatcher'
08-Jun-2019 21:06:31.309 INFO [main] org.apache.catalina.core.ApplicationContext.log Destroying Spring FrameworkServlet 'remoting'
08-Jun-2019 21:06:44.339 INFO [main] org.apache.catalina.core.ApplicationContext.log Initializing AtmosphereFramework
08-Jun-2019 21:06:44.705 INFO [main] org.apache.catalina.core.ApplicationContext.log No Spring WebApplicationInitializer types detected on classpath
08-Jun-2019 21:06:57.678 INFO [main] org.apache.catalina.core.ApplicationContext.log Initializing Spring CubaDispatcherServlet 'dispatcher'
08-Jun-2019 21:06:59.788 INFO [main] org.apache.catalina.core.ApplicationContext.log Initializing Spring CubaRestApiServlet 'rest_api'
08-Jun-2019 21:07:02.265 INFO [main] org.apache.catalina.core.ApplicationContext.log Initializing AtmosphereFramework
08-Jun-2019 21:07:02.266 INFO [main] org.apache.catalina.core.ApplicationContext.log No Spring WebApplicationInitializer types detected on classpath
08-Jun-2019 21:07:16.899 INFO [main] org.apache.catalina.core.ApplicationContext.log Initializing Spring RemotingServlet 'remoting'
08-Jun-2019 21:09:58.202 INFO [main] org.apache.catalina.core.ApplicationContext.log Destroying Spring FrameworkServlet 'rest_api'
08-Jun-2019 21:09:58.216 INFO [main] org.apache.catalina.core.ApplicationContext.log Destroying Spring FrameworkServlet 'dispatcher'
08-Jun-2019 21:09:58.270 INFO [main] org.apache.catalina.core.ApplicationContext.log Destroying Spring FrameworkServlet 'remoting'
08-Jun-2019 21:10:10.131 INFO [main] org.apache.catalina.core.ApplicationContext.log Initializing AtmosphereFramework
08-Jun-2019 21:10:10.446 INFO [main] org.apache.catalina.core.ApplicationContext.log No Spring WebApplicationInitializer types detected on classpath
08-Jun-2019 21:10:21.645 INFO [main] org.apache.catalina.core.ApplicationContext.log Initializing Spring CubaDispatcherServlet 'dispatcher'
08-Jun-2019 21:10:23.571 INFO [main] org.apache.catalina.core.ApplicationContext.log Initializing Spring CubaRestApiServlet 'rest_api'
08-Jun-2019 21:10:25.890 INFO [main] org.apache.catalina.core.ApplicationContext.log Initializing AtmosphereFramework
08-Jun-2019 21:10:25.890 INFO [main] org.apache.catalina.core.ApplicationContext.log No Spring WebApplicationInitializer types detected on classpath
08-Jun-2019 21:10:39.821 INFO [main] org.apache.catalina.core.ApplicationContext.log Initializing Spring RemotingServlet 'remoting'
08-Jun-2019 21:34:01.927 INFO [main] org.apache.catalina.core.ApplicationContext.log Destroying Spring FrameworkServlet 'rest_api'
08-Jun-2019 21:34:01.937 INFO [main] org.apache.catalina.core.ApplicationContext.log Destroying Spring FrameworkServlet 'dispatcher'
08-Jun-2019 21:34:01.967 INFO [main] org.apache.catalina.core.ApplicationContext.log Destroying Spring FrameworkServlet 'remoting'
08-Jun-2019 21:34:10.492 INFO [main] org.apache.catalina.core.ApplicationContext.log Initializing AtmosphereFramework
08-Jun-2019 21:34:10.696 INFO [main] org.apache.catalina.core.ApplicationContext.log No Spring WebApplicationInitializer types detected on classpath
08-Jun-2019 21:34:18.620 INFO [main] org.apache.catalina.core.ApplicationContext.log Initializing Spring CubaDispatcherServlet 'dispatcher'
08-Jun-2019 21:34:19.994 INFO [main] org.apache.catalina.core.ApplicationContext.log Initializing Spring CubaRestApiServlet 'rest_api'
08-Jun-2019 21:34:21.889 INFO [main] org.apache.catalina.core.ApplicationContext.log Initializing AtmosphereFramework
08-Jun-2019 21:34:21.889 INFO [main] org.apache.catalina.core.ApplicationContext.log No Spring WebApplicationInitializer types detected on classpath
08-Jun-2019 21:34:30.140 INFO [main] org.apache.catalina.core.ApplicationContext.log Initializing Spring RemotingServlet 'remoting'
08-Jun-2019 21:53:45.657 INFO [main] org.apache.catalina.core.ApplicationContext.log Destroying Spring FrameworkServlet 'rest_api'
08-Jun-2019 21:53:45.669 INFO [main] org.apache.catalina.core.ApplicationContext.log Destroying Spring FrameworkServlet 'dispatcher'
08-Jun-2019 21:53:45.697 INFO [main] org.apache.catalina.core.ApplicationContext.log Destroying Spring FrameworkServlet 'remoting'
08-Jun-2019 21:53:56.463 INFO [main] org.apache.catalina.core.ApplicationContext.log Initializing AtmosphereFramework
08-Jun-2019 21:53:56.743 INFO [main] org.apache.catalina.core.ApplicationContext.log No Spring WebApplicationInitializer types detected on classpath
08-Jun-2019 21:54:05.723 INFO [main] org.apache.catalina.core.ApplicationContext.log Initializing Spring CubaDispatcherServlet 'dispatcher'
08-Jun-2019 21:54:07.317 INFO [main] org.apache.catalina.core.ApplicationContext.log Initializing Spring CubaRestApiServlet 'rest_api'
08-Jun-2019 21:54:09.177 INFO [main] org.apache.catalina.core.ApplicationContext.log Initializing AtmosphereFramework
08-Jun-2019 21:54:09.177 INFO [main] org.apache.catalina.core.ApplicationContext.log No Spring WebApplicationInitializer types detected on classpath
08-Jun-2019 21:54:20.472 INFO [main] org.apache.catalina.core.ApplicationContext.log Initializing Spring RemotingServlet 'remoting'
08-Jun-2019 21:59:15.222 INFO [main] org.apache.catalina.core.ApplicationContext.log Destroying Spring FrameworkServlet 'rest_api'
08-Jun-2019 21:59:15.231 INFO [main] org.apache.catalina.core.ApplicationContext.log Destroying Spring FrameworkServlet 'dispatcher'
08-Jun-2019 21:59:15.265 INFO [main] org.apache.catalina.core.ApplicationContext.log Destroying Spring FrameworkServlet 'remoting'
08-Jun-2019 21:59:22.893 INFO [main] org.apache.catalina.core.ApplicationContext.log Initializing AtmosphereFramework
08-Jun-2019 21:59:23.110 INFO [main] org.apache.catalina.core.ApplicationContext.log No Spring WebApplicationInitializer types detected on classpath
08-Jun-2019 21:59:30.566 INFO [main] org.apache.catalina.core.ApplicationContext.log Initializing Spring CubaDispatcherServlet 'dispatcher'
08-Jun-2019 21:59:31.928 INFO [main] org.apache.catalina.core.ApplicationContext.log Initializing Spring CubaRestApiServlet 'rest_api'
08-Jun-2019 21:59:33.483 INFO [main] org.apache.catalina.core.ApplicationContext.log Initializing AtmosphereFramework
08-Jun-2019 21:59:33.483 INFO [main] org.apache.catalina.core.ApplicationContext.log No Spring WebApplicationInitializer types detected on classpath
08-Jun-2019 21:59:42.468 INFO [main] org.apache.catalina.core.ApplicationContext.log Initializing Spring RemotingServlet 'remoting'
08-Jun-2019 22:00:31.700 INFO [main] org.apache.catalina.core.ApplicationContext.log Destroying Spring FrameworkServlet 'rest_api'
08-Jun-2019 22:00:31.715 INFO [main] org.apache.catalina.core.ApplicationContext.log Destroying Spring FrameworkServlet 'dispatcher'
08-Jun-2019 22:00:31.758 INFO [main] org.apache.catalina.core.ApplicationContext.log Destroying Spring FrameworkServlet 'remoting'
08-Jun-2019 22:00:58.668 INFO [main] org.apache.catalina.core.ApplicationContext.log Initializing AtmosphereFramework
08-Jun-2019 22:00:58.859 INFO [main] org.apache.catalina.core.ApplicationContext.log No Spring WebApplicationInitializer types detected on classpath
08-Jun-2019 22:01:06.118 INFO [main] org.apache.catalina.core.ApplicationContext.log Initializing Spring CubaDispatcherServlet 'dispatcher'
08-Jun-2019 22:01:07.476 INFO [main] org.apache.catalina.core.ApplicationContext.log Initializing Spring CubaRestApiServlet 'rest_api'
08-Jun-2019 22:01:09.179 INFO [main] org.apache.catalina.core.ApplicationContext.log Initializing AtmosphereFramework
08-Jun-2019 22:01:09.179 INFO [main] org.apache.catalina.core.ApplicationContext.log No Spring WebApplicationInitializer types detected on classpath
08-Jun-2019 22:01:18.531 INFO [main] org.apache.catalina.core.ApplicationContext.log Initializing Spring RemotingServlet 'remoting'
08-Jun-2019 22:13:31.950 INFO [main] org.apache.catalina.core.ApplicationContext.log Destroying Spring FrameworkServlet 'rest_api'
08-Jun-2019 22:13:31.971 INFO [main] org.apache.catalina.core.ApplicationContext.log Destroying Spring FrameworkServlet 'dispatcher'
08-Jun-2019 22:13:32.002 INFO [main] org.apache.catalina.core.ApplicationContext.log Destroying Spring FrameworkServlet 'remoting'
08-Jun-2019 22:14:00.199 INFO [main] org.apache.catalina.core.ApplicationContext.log Initializing AtmosphereFramework
08-Jun-2019 22:14:00.391 INFO [main] org.apache.catalina.core.ApplicationContext.log No Spring WebApplicationInitializer types detected on classpath
08-Jun-2019 22:14:07.490 INFO [main] org.apache.catalina.core.ApplicationContext.log Initializing Spring CubaDispatcherServlet 'dispatcher'
08-Jun-2019 22:14:08.699 INFO [main] org.apache.catalina.core.ApplicationContext.log Initializing Spring CubaRestApiServlet 'rest_api'
08-Jun-2019 22:14:10.104 INFO [main] org.apache.catalina.core.ApplicationContext.log Initializing AtmosphereFramework
08-Jun-2019 22:14:10.105 INFO [main] org.apache.catalina.core.ApplicationContext.log No Spring WebApplicationInitializer types detected on classpath
08-Jun-2019 22:14:18.480 INFO [main] org.apache.catalina.core.ApplicationContext.log Initializing Spring RemotingServlet 'remoting'
08-Jun-2019 22:15:12.193 INFO [main] org.apache.catalina.core.ApplicationContext.log Destroying Spring FrameworkServlet 'rest_api'
08-Jun-2019 22:15:12.204 INFO [main] org.apache.catalina.core.ApplicationContext.log Destroying Spring FrameworkServlet 'dispatcher'
08-Jun-2019 22:15:12.241 INFO [main] org.apache.catalina.core.ApplicationContext.log Destroying Spring FrameworkServlet 'remoting'
08-Jun-2019 22:28:10.995 INFO [main] org.apache.catalina.core.ApplicationContext.log Initializing AtmosphereFramework
08-Jun-2019 22:28:11.193 INFO [main] org.apache.catalina.core.ApplicationContext.log No Spring WebApplicationInitializer types detected on classpath
08-Jun-2019 22:28:17.919 INFO [main] org.apache.catalina.core.ApplicationContext.log Initializing Spring CubaDispatcherServlet 'dispatcher'
08-Jun-2019 22:28:19.157 INFO [main] org.apache.catalina.core.ApplicationContext.log Initializing Spring CubaRestApiServlet 'rest_api'
08-Jun-2019 22:28:20.626 INFO [main] org.apache.catalina.core.ApplicationContext.log Initializing AtmosphereFramework
08-Jun-2019 22:28:20.626 INFO [main] org.apache.catalina.core.ApplicationContext.log No Spring WebApplicationInitializer types detected on classpath
08-Jun-2019 22:28:28.823 INFO [main] org.apache.catalina.core.ApplicationContext.log Initializing Spring RemotingServlet 'remoting'
08-Jun-2019 22:34:57.967 INFO [main] org.apache.catalina.core.ApplicationContext.log Destroying Spring FrameworkServlet 'rest_api'
08-Jun-2019 22:34:57.981 INFO [main] org.apache.catalina.core.ApplicationContext.log Destroying Spring FrameworkServlet 'dispatcher'
08-Jun-2019 22:34:58.009 INFO [main] org.apache.catalina.core.ApplicationContext.log Destroying Spring FrameworkServlet 'remoting'
08-Jun-2019 22:35:33.134 INFO [main] org.apache.catalina.core.ApplicationContext.log Initializing AtmosphereFramework
08-Jun-2019 22:35:33.363 INFO [main] org.apache.catalina.core.ApplicationContext.log No Spring WebApplicationInitializer types detected on classpath
08-Jun-2019 22:35:40.257 INFO [main] org.apache.catalina.core.ApplicationContext.log Initializing Spring CubaDispatcherServlet 'dispatcher'
08-Jun-2019 22:35:41.474 INFO [main] org.apache.catalina.core.ApplicationContext.log Initializing Spring CubaRestApiServlet 'rest_api'
08-Jun-2019 22:35:42.896 INFO [main] org.apache.catalina.core.ApplicationContext.log Initializing AtmosphereFramework
08-Jun-2019 22:35:42.896 INFO [main] org.apache.catalina.core.ApplicationContext.log No Spring WebApplicationInitializer types detected on classpath
08-Jun-2019 22:35:50.930 INFO [main] org.apache.catalina.core.ApplicationContext.log Initializing Spring RemotingServlet 'remoting'
08-Jun-2019 22:44:06.896 INFO [main] org.apache.catalina.core.ApplicationContext.log Destroying Spring FrameworkServlet 'rest_api'
08-Jun-2019 22:44:06.905 INFO [main] org.apache.catalina.core.ApplicationContext.log Destroying Spring FrameworkServlet 'dispatcher'
08-Jun-2019 22:44:06.933 INFO [main] org.apache.catalina.core.ApplicationContext.log Destroying Spring FrameworkServlet 'remoting'
08-Jun-2019 22:44:14.932 INFO [main] org.apache.catalina.core.ApplicationContext.log Initializing AtmosphereFramework
08-Jun-2019 22:44:15.123 INFO [main] org.apache.catalina.core.ApplicationContext.log No Spring WebApplicationInitializer types detected on classpath
08-Jun-2019 22:44:21.838 INFO [main] org.apache.catalina.core.ApplicationContext.log Initializing Spring CubaDispatcherServlet 'dispatcher'
08-Jun-2019 22:44:23.067 INFO [main] org.apache.catalina.core.ApplicationContext.log Initializing Spring CubaRestApiServlet 'rest_api'
08-Jun-2019 22:44:24.506 INFO [main] org.apache.catalina.core.ApplicationContext.log Initializing AtmosphereFramework
08-Jun-2019 22:44:24.506 INFO [main] org.apache.catalina.core.ApplicationContext.log No Spring WebApplicationInitializer types detected on classpath
08-Jun-2019 22:44:32.581 INFO [main] org.apache.catalina.core.ApplicationContext.log Initializing Spring RemotingServlet 'remoting'
08-Jun-2019 23:10:00.836 INFO [main] org.apache.catalina.core.ApplicationContext.log Destroying Spring FrameworkServlet 'rest_api'
08-Jun-2019 23:10:00.850 INFO [main] org.apache.catalina.core.ApplicationContext.log Destroying Spring FrameworkServlet 'dispatcher'
08-Jun-2019 23:10:00.881 INFO [main] org.apache.catalina.core.ApplicationContext.log Destroying Spring FrameworkServlet 'remoting'
08-Jun-2019 23:10:09.595 INFO [main] org.apache.catalina.core.ApplicationContext.log Initializing AtmosphereFramework
08-Jun-2019 23:10:09.795 INFO [main] org.apache.catalina.core.ApplicationContext.log No Spring WebApplicationInitializer types detected on classpath
08-Jun-2019 23:10:17.130 INFO [main] org.apache.catalina.core.ApplicationContext.log Initializing Spring CubaDispatcherServlet 'dispatcher'
08-Jun-2019 23:10:18.488 INFO [main] org.apache.catalina.core.ApplicationContext.log Initializing Spring CubaRestApiServlet 'rest_api'
08-Jun-2019 23:10:19.982 INFO [main] org.apache.catalina.core.ApplicationContext.log Initializing AtmosphereFramework
08-Jun-2019 23:10:19.983 INFO [main] org.apache.catalina.core.ApplicationContext.log No Spring WebApplicationInitializer types detected on classpath
08-Jun-2019 23:10:28.792 INFO [main] org.apache.catalina.core.ApplicationContext.log Initializing Spring RemotingServlet 'remoting'
