09-Jun-2019 00:17:03.562 INFO [main] org.apache.catalina.core.ApplicationContext.log Destroying Spring FrameworkServlet 'rest_api'
09-Jun-2019 00:17:03.571 INFO [main] org.apache.catalina.core.ApplicationContext.log Destroying Spring FrameworkServlet 'dispatcher'
09-Jun-2019 00:17:03.599 INFO [main] org.apache.catalina.core.ApplicationContext.log Destroying Spring FrameworkServlet 'remoting'
09-Jun-2019 11:32:05.176 INFO [main] org.apache.catalina.core.ApplicationContext.log Initializing AtmosphereFramework
09-Jun-2019 11:32:05.428 INFO [main] org.apache.catalina.core.ApplicationContext.log No Spring WebApplicationInitializer types detected on classpath
09-Jun-2019 11:32:13.288 INFO [main] org.apache.catalina.core.ApplicationContext.log Initializing Spring CubaDispatcherServlet 'dispatcher'
09-Jun-2019 11:32:14.635 INFO [main] org.apache.catalina.core.ApplicationContext.log Initializing Spring CubaRestApiServlet 'rest_api'
09-Jun-2019 11:32:16.215 INFO [main] org.apache.catalina.core.ApplicationContext.log Initializing AtmosphereFramework
09-Jun-2019 11:32:16.216 INFO [main] org.apache.catalina.core.ApplicationContext.log No Spring WebApplicationInitializer types detected on classpath
09-Jun-2019 11:32:25.386 INFO [main] org.apache.catalina.core.ApplicationContext.log Initializing Spring RemotingServlet 'remoting'
09-Jun-2019 11:35:56.704 INFO [main] org.apache.catalina.core.ApplicationContext.log Destroying Spring FrameworkServlet 'rest_api'
09-Jun-2019 11:35:56.716 INFO [main] org.apache.catalina.core.ApplicationContext.log Destroying Spring FrameworkServlet 'dispatcher'
09-Jun-2019 11:35:56.754 INFO [main] org.apache.catalina.core.ApplicationContext.log Destroying Spring FrameworkServlet 'remoting'
09-Jun-2019 11:36:44.851 INFO [main] org.apache.catalina.core.ApplicationContext.log Initializing AtmosphereFramework
09-Jun-2019 11:36:45.032 INFO [main] org.apache.catalina.core.ApplicationContext.log No Spring WebApplicationInitializer types detected on classpath
09-Jun-2019 11:36:51.080 INFO [main] org.apache.catalina.core.ApplicationContext.log Initializing Spring CubaDispatcherServlet 'dispatcher'
09-Jun-2019 11:36:52.188 INFO [main] org.apache.catalina.core.ApplicationContext.log Initializing Spring CubaRestApiServlet 'rest_api'
09-Jun-2019 11:36:53.488 INFO [main] org.apache.catalina.core.ApplicationContext.log Initializing AtmosphereFramework
09-Jun-2019 11:36:53.488 INFO [main] org.apache.catalina.core.ApplicationContext.log No Spring WebApplicationInitializer types detected on classpath
09-Jun-2019 11:37:00.808 INFO [main] org.apache.catalina.core.ApplicationContext.log Initializing Spring RemotingServlet 'remoting'
09-Jun-2019 11:44:03.028 INFO [main] org.apache.catalina.core.ApplicationContext.log Destroying Spring FrameworkServlet 'rest_api'
09-Jun-2019 11:44:03.041 INFO [main] org.apache.catalina.core.ApplicationContext.log Destroying Spring FrameworkServlet 'dispatcher'
09-Jun-2019 11:44:03.068 INFO [main] org.apache.catalina.core.ApplicationContext.log Destroying Spring FrameworkServlet 'remoting'
09-Jun-2019 11:44:12.955 INFO [main] org.apache.catalina.core.ApplicationContext.log Initializing AtmosphereFramework
09-Jun-2019 11:44:13.197 INFO [main] org.apache.catalina.core.ApplicationContext.log No Spring WebApplicationInitializer types detected on classpath
09-Jun-2019 11:44:20.418 INFO [main] org.apache.catalina.core.ApplicationContext.log Initializing Spring CubaDispatcherServlet 'dispatcher'
09-Jun-2019 11:44:21.791 INFO [main] org.apache.catalina.core.ApplicationContext.log Initializing Spring CubaRestApiServlet 'rest_api'
09-Jun-2019 11:44:23.292 INFO [main] org.apache.catalina.core.ApplicationContext.log Initializing AtmosphereFramework
09-Jun-2019 11:44:23.293 INFO [main] org.apache.catalina.core.ApplicationContext.log No Spring WebApplicationInitializer types detected on classpath
09-Jun-2019 11:44:31.220 INFO [main] org.apache.catalina.core.ApplicationContext.log Initializing Spring RemotingServlet 'remoting'
09-Jun-2019 11:47:51.076 INFO [main] org.apache.catalina.core.ApplicationContext.log Initializing AtmosphereFramework
09-Jun-2019 11:47:51.268 INFO [main] org.apache.catalina.core.ApplicationContext.log No Spring WebApplicationInitializer types detected on classpath
09-Jun-2019 11:47:57.955 INFO [main] org.apache.catalina.core.ApplicationContext.log Initializing Spring CubaDispatcherServlet 'dispatcher'
09-Jun-2019 11:47:59.153 INFO [main] org.apache.catalina.core.ApplicationContext.log Initializing Spring CubaRestApiServlet 'rest_api'
09-Jun-2019 11:48:00.552 INFO [main] org.apache.catalina.core.ApplicationContext.log Initializing AtmosphereFramework
09-Jun-2019 11:48:00.553 INFO [main] org.apache.catalina.core.ApplicationContext.log No Spring WebApplicationInitializer types detected on classpath
09-Jun-2019 11:48:10.500 INFO [main] org.apache.catalina.core.ApplicationContext.log Initializing Spring RemotingServlet 'remoting'
09-Jun-2019 19:03:23.694 INFO [main] org.apache.catalina.core.ApplicationContext.log Destroying Spring FrameworkServlet 'rest_api'
09-Jun-2019 19:03:23.709 INFO [main] org.apache.catalina.core.ApplicationContext.log Destroying Spring FrameworkServlet 'dispatcher'
09-Jun-2019 19:03:23.756 INFO [main] org.apache.catalina.core.ApplicationContext.log Destroying Spring FrameworkServlet 'remoting'
