Performance Statistics   2019-06-08 23:59:00 - 2019-06-09 00:00:00
Tag                                                  Avg(ms)         Min         Max     Std Dev       Count

Performance Statistics   2019-06-09 00:00:00 - 2019-06-09 00:01:00
Tag                                                  Avg(ms)         Min         Max     Std Dev       Count

Performance Statistics   2019-06-09 00:01:00 - 2019-06-09 00:02:00
Tag                                                  Avg(ms)         Min         Max     Std Dev       Count

Performance Statistics   2019-06-09 00:02:00 - 2019-06-09 00:03:00
Tag                                                  Avg(ms)         Min         Max     Std Dev       Count

Performance Statistics   2019-06-09 00:03:00 - 2019-06-09 00:04:00
Tag                                                  Avg(ms)         Min         Max     Std Dev       Count

Performance Statistics   2019-06-09 00:04:00 - 2019-06-09 00:05:00
Tag                                                  Avg(ms)         Min         Max     Std Dev       Count

Performance Statistics   2019-06-09 00:05:00 - 2019-06-09 00:06:00
Tag                                                  Avg(ms)         Min         Max     Std Dev       Count

Performance Statistics   2019-06-09 00:06:00 - 2019-06-09 00:07:00
Tag                                                  Avg(ms)         Min         Max     Std Dev       Count

Performance Statistics   2019-06-09 00:07:00 - 2019-06-09 00:08:00
Tag                                                  Avg(ms)         Min         Max     Std Dev       Count

Performance Statistics   2019-06-09 00:08:00 - 2019-06-09 00:09:00
Tag                                                  Avg(ms)         Min         Max     Std Dev       Count

Performance Statistics   2019-06-09 00:09:00 - 2019-06-09 00:10:00
Tag                                                  Avg(ms)         Min         Max     Std Dev       Count

Performance Statistics   2019-06-09 00:10:00 - 2019-06-09 00:11:00
Tag                                                  Avg(ms)         Min         Max     Std Dev       Count

Performance Statistics   2019-06-09 00:11:00 - 2019-06-09 00:12:00
Tag                                                  Avg(ms)         Min         Max     Std Dev       Count

Performance Statistics   2019-06-09 00:12:00 - 2019-06-09 00:13:00
Tag                                                  Avg(ms)         Min         Max     Std Dev       Count

Performance Statistics   2019-06-09 00:13:00 - 2019-06-09 00:14:00
Tag                                                  Avg(ms)         Min         Max     Std Dev       Count

Performance Statistics   2019-06-09 00:14:00 - 2019-06-09 00:15:00
Tag                                                  Avg(ms)         Min         Max     Std Dev       Count

Performance Statistics   2019-06-09 00:15:00 - 2019-06-09 00:16:00
Tag                                                  Avg(ms)         Min         Max     Std Dev       Count

Performance Statistics   2019-06-09 11:32:00 - 2019-06-09 11:33:00
Tag                                                  Avg(ms)         Min         Max     Std Dev       Count
LoadClass                                                1,7           0           9         2,3          15
Messages.searchClasspath                                 0,1           0          10         0,7         588
Messages.searchFiles                                     0,0           0          17         0,7         588
Metadata.replaceExtendedMetaClasses                      1,5           1           2         0,5           2
PersistenceSecurity.applyConstraints(..)                 1,0           0           3         1,2           4
ViewRepository.init.ViewRepositoryClientImpl            27,0          27          27         0,0           1
ViewRepository.init.ViewRepositoryImpl                  21,0          21          21         0,0           1
WebJARs                                                 10,0          10          10         0,0           1

Performance Statistics   2019-06-09 11:33:00 - 2019-06-09 11:34:00
Tag                                                  Avg(ms)         Min         Max     Std Dev       Count
LoadClass                                              484,0           0         968       484,0           2
Messages.searchClasspath                                 0,0           0           0         0,0           5
Messages.searchFiles                                     0,0           0           0         0,0           5
PersistenceSecurity.applyConstraints(..)                 0,0           0           0         0,0           6

Performance Statistics   2019-06-09 11:34:00 - 2019-06-09 11:35:00
Tag                                                  Avg(ms)         Min         Max     Std Dev       Count

Performance Statistics   2019-06-09 11:35:00 - 2019-06-09 11:36:00
Tag                                                  Avg(ms)         Min         Max     Std Dev       Count
LoadClass                                                0,0           0           0         0,0           1
Messages.searchClasspath                                 0,0           0           1         0,1          54
Messages.searchFiles                                     0,0           0           0         0,0          54
PersistenceSecurity.applyConstraints(..)                 0,0           0           0         0,0           2
PersistenceSecurity.assertToken(..)                      1,0           1           1         0,0           1

Performance Statistics   2019-06-09 11:36:00 - 2019-06-09 11:37:00
Tag                                                  Avg(ms)         Min         Max     Std Dev       Count
LoadClass                                                1,0           0           2         0,4          12
Messages.searchClasspath                                 0,4           0           9         1,3          90
Messages.searchFiles                                     0,1           0          12         1,3          90
Metadata.replaceExtendedMetaClasses                      1,0           1           1         0,0           2
WebJARs                                                 11,0          11          11         0,0           1

Performance Statistics   2019-06-09 11:37:00 - 2019-06-09 11:38:00
Tag                                                  Avg(ms)         Min         Max     Std Dev       Count
LoadClass                                                2,5           0           7         2,4           6
Messages.searchClasspath                                 0,0           0           5         0,3         553
Messages.searchFiles                                     0,0           0           0         0,0         553
PersistenceSecurity.applyConstraints(..)                 0,4           0           3         0,9          10
PersistenceSecurity.assertToken(..)                      0,0           0           0         0,0           1
ViewRepository.init.ViewRepositoryClientImpl            18,0          18          18         0,0           1
ViewRepository.init.ViewRepositoryImpl                  22,0          22          22         0,0           1

Performance Statistics   2019-06-09 11:38:00 - 2019-06-09 11:39:00
Tag                                                  Avg(ms)         Min         Max     Std Dev       Count
LoadClass                                                0,0           0           0         0,0           2
PersistenceSecurity.applyConstraints(..)                 0,0           0           0         0,0           4

Performance Statistics   2019-06-09 11:39:00 - 2019-06-09 11:40:00
Tag                                                  Avg(ms)         Min         Max     Std Dev       Count

Performance Statistics   2019-06-09 11:40:00 - 2019-06-09 11:41:00
Tag                                                  Avg(ms)         Min         Max     Std Dev       Count

Performance Statistics   2019-06-09 11:41:00 - 2019-06-09 11:42:00
Tag                                                  Avg(ms)         Min         Max     Std Dev       Count

Performance Statistics   2019-06-09 11:42:00 - 2019-06-09 11:43:00
Tag                                                  Avg(ms)         Min         Max     Std Dev       Count
LoadClass                                             1283,0        1283        1283         0,0           1
Messages.searchClasspath                                 0,0           0           0         0,0          24
Messages.searchFiles                                     0,0           0           0         0,0          24
PersistenceSecurity.applyConstraints(..)                 0,0           0           0         0,0           2

